0 info it worked if it ends with ok
1 verbose cli [ 'C:\\Program Files\\nodejs\\node.exe',
1 verbose cli   'C:\\Program Files\\nodejs\\node_modules\\npm\\bin\\npm-cli.js',
1 verbose cli   'run',
1 verbose cli   'build' ]
2 info using npm@3.10.8
3 info using node@v6.8.1
4 verbose run-script [ 'prebuild', 'build', 'postbuild' ]
5 info lifecycle game-creep@1.0.0~prebuild: game-creep@1.0.0
6 silly lifecycle game-creep@1.0.0~prebuild: no script for prebuild, continuing
7 info lifecycle game-creep@1.0.0~build: game-creep@1.0.0
8 verbose lifecycle game-creep@1.0.0~build: unsafe-perm in lifecycle true
9 verbose lifecycle game-creep@1.0.0~build: PATH: C:\Users\BOSSNIGGA\AppData\Roaming\nvm\v6.8.1\node_modules\npm\bin\node-gyp-bin;C:\Users\BOSSNIGGA\src\creepy-walkers\node_modules\.bin;C:\Users\BOSSNIGGA\bin;C:\Program Files\Git\mingw64\bin;C:\Program Files\Git\usr\local\bin;C:\Program Files\Git\usr\bin;C:\Program Files\Git\usr\bin;C:\Program Files\Git\cmd;C:\Program Files\ConEmu\ConEmu\Scripts;C:\Program Files\ConEmu;C:\Program Files\ConEmu\ConEmu;C:\Program Files (x86)\Razer Chroma SDK\bin;C:\Program Files\Razer Chroma SDK\bin;C:\WINDOWS\system32;C:\WINDOWS;C:\WINDOWS\System32\Wbem;C:\WINDOWS\System32\WindowsPowerShell\v1.0;C:\Program Files (x86)\NVIDIA Corporation\PhysX\Common;C:\Program Files\Git\cmd;C:\Users\BOSSNIGGA\AppData\Roaming\nvm;C:\Program Files\nodejs;C:\WINDOWS\system32\config\systemprofile\AppData\Local\Microsoft\WindowsApps;C:\Users\BOSSNIGGA\AppData\Local\Microsoft\WindowsApps;C:\Users\BOSSNIGGA\AppData\Roaming\nvm;C:\Program Files\nodejs;C:\Users\BOSSNIGGA\AppData\Local\.meteor;C:\Program Files\Git\usr\bin\vendor_perl;C:\Program Files\Git\usr\bin\core_perl
10 verbose lifecycle game-creep@1.0.0~build: CWD: C:\Users\BOSSNIGGA\src\creepy-walkers
11 silly lifecycle game-creep@1.0.0~build: Args: [ '/d /s /c',
11 silly lifecycle   'npm run clean && npm run mkdir && npm run build:html && npm run build:css && npm run build:js' ]
12 silly lifecycle game-creep@1.0.0~build: Returned: code: 1  signal: null
13 info lifecycle game-creep@1.0.0~build: Failed to exec build script
14 verbose stack Error: game-creep@1.0.0 build: `npm run clean && npm run mkdir && npm run build:html && npm run build:css && npm run build:js`
14 verbose stack Exit status 1
14 verbose stack     at EventEmitter.<anonymous> (C:\Users\BOSSNIGGA\AppData\Roaming\nvm\v6.8.1\node_modules\npm\lib\utils\lifecycle.js:255:16)
14 verbose stack     at emitTwo (events.js:106:13)
14 verbose stack     at EventEmitter.emit (events.js:191:7)
14 verbose stack     at ChildProcess.<anonymous> (C:\Users\BOSSNIGGA\AppData\Roaming\nvm\v6.8.1\node_modules\npm\lib\utils\spawn.js:40:14)
14 verbose stack     at emitTwo (events.js:106:13)
14 verbose stack     at ChildProcess.emit (events.js:191:7)
14 verbose stack     at maybeClose (internal/child_process.js:877:16)
14 verbose stack     at Process.ChildProcess._handle.onexit (internal/child_process.js:226:5)
15 verbose pkgid game-creep@1.0.0
16 verbose cwd C:\Users\BOSSNIGGA\src\creepy-walkers
17 error Windows_NT 10.0.14393
18 error argv "C:\\Program Files\\nodejs\\node.exe" "C:\\Program Files\\nodejs\\node_modules\\npm\\bin\\npm-cli.js" "run" "build"
19 error node v6.8.1
20 error npm  v3.10.8
21 error code ELIFECYCLE
22 error game-creep@1.0.0 build: `npm run clean && npm run mkdir && npm run build:html && npm run build:css && npm run build:js`
22 error Exit status 1
23 error Failed at the game-creep@1.0.0 build script 'npm run clean && npm run mkdir && npm run build:html && npm run build:css && npm run build:js'.
23 error Make sure you have the latest version of node.js and npm installed.
23 error If you do, this is most likely a problem with the game-creep package,
23 error not with npm itself.
23 error Tell the author that this fails on your system:
23 error     npm run clean && npm run mkdir && npm run build:html && npm run build:css && npm run build:js
23 error You can get information on how to open an issue for this project with:
23 error     npm bugs game-creep
23 error Or if that isn't available, you can get their info via:
23 error     npm owner ls game-creep
23 error There is likely additional logging output above.
24 verbose exit [ 1, true ]
